\BOOKMARK [1][-]{section.1}{\376\377\000P\000r\000e\000-\000p\000r\000o\000c\000e\000s\000s\000i\000n\000g\000\040\000d\000a\000t\000a}{}% 1
\BOOKMARK [1][-]{section.2}{\376\377\000A\000n\000a\000l\000y\000s\000e\000s\000\040\000o\000f\000\040\0006\000\040\000n\000e\000t\000w\000o\000r\000k\000s}{}% 2
\BOOKMARK [2][-]{subsection.2.1}{\376\377\000A\000v\000a\000i\000l\000a\000b\000l\000e\000\040\000n\000e\000t\000w\000o\000r\000k\000s}{section.2}% 3
\BOOKMARK [3][-]{subsubsection.2.1.1}{\376\377\000N\000e\000t\000w\000o\000r\000k\000\040\0001}{subsection.2.1}% 4
\BOOKMARK [3][-]{subsubsection.2.1.2}{\376\377\000N\000e\000t\000w\000o\000r\000k\000\040\0002}{subsection.2.1}% 5
\BOOKMARK [3][-]{subsubsection.2.1.3}{\376\377\000N\000e\000t\000w\000o\000r\000k\000\040\0003}{subsection.2.1}% 6
\BOOKMARK [3][-]{subsubsection.2.1.4}{\376\377\000N\000e\000t\000w\000o\000r\000k\000\040\0004}{subsection.2.1}% 7
\BOOKMARK [3][-]{subsubsection.2.1.5}{\376\377\000N\000e\000t\000w\000o\000r\000k\000\040\0005}{subsection.2.1}% 8
\BOOKMARK [3][-]{subsubsection.2.1.6}{\376\377\000N\000e\000t\000w\000o\000r\000k\000\040\0007}{subsection.2.1}% 9
\BOOKMARK [1][-]{section.3}{\376\377\000M\000e\000t\000r\000i\000c\000s\000\040\000o\000f\000\040\0006\000\040\000n\000e\000t\000w\000o\000r\000k\000s}{}% 10
\BOOKMARK [2][-]{subsection.3.1}{\376\377\000N\000u\000m\000b\000e\000r\000\040\000o\000f\000\040\000n\000o\000d\000e\000s}{section.3}% 11
\BOOKMARK [2][-]{subsection.3.2}{\376\377\000N\000u\000m\000b\000e\000r\000\040\000o\000f\000\040\000e\000d\000g\000e\000s}{section.3}% 12
\BOOKMARK [2][-]{subsection.3.3}{\376\377\000E\000d\000g\000e\000\040\000d\000e\000n\000s\000i\000t\000y}{section.3}% 13
\BOOKMARK [2][-]{subsection.3.4}{\376\377\000D\000e\000g\000r\000e\000e\000\040\000d\000i\000s\000t\000r\000i\000b\000u\000t\000i\000o\000n}{section.3}% 14
\BOOKMARK [2][-]{subsection.3.5}{\376\377\000A\000v\000e\000r\000a\000g\000e\000\040\000c\000l\000u\000s\000t\000e\000r\000i\000n\000g\000\040\000c\000o\000e\000f\000f\000i\000c\000i\000e\000n\000t}{section.3}% 15
\BOOKMARK [2][-]{subsection.3.6}{\376\377\000N\000u\000m\000b\000e\000r\000\040\000o\000f\000\040\000n\000o\000d\000e\000s\000\040\000i\000n\000\040\000s\000t\000r\000o\000n\000g\000l\000y\000\040\000c\000o\000n\000n\000e\000c\000t\000e\000d\000\040\000c\000o\000m\000p\000o\000n\000e\000n\000t\000\040\000\050\000S\000C\000C\000\051}{section.3}% 16
\BOOKMARK [2][-]{subsection.3.7}{\376\377\000N\000u\000m\000b\000e\000r\000\040\000o\000f\000\040\000n\000o\000d\000e\000s\000\040\000i\000n\000\040\000w\000e\000a\000k\000l\000y\000\040\000c\000o\000n\000n\000e\000c\000t\000e\000d\000\040\000c\000o\000m\000p\000o\000n\000e\000n\000t\000\040\000\050\000W\000C\000C\000\051}{section.3}% 17
\BOOKMARK [2][-]{subsection.3.8}{\376\377\000A\000v\000e\000r\000a\000g\000e\000\040\000p\000a\000t\000h\000\040\000l\000e\000n\000g\000t\000h\000\040\000i\000n\000\040\000S\000C\000C}{section.3}% 18
\BOOKMARK [2][-]{subsection.3.9}{\376\377\000D\000i\000a\000m\000e\000t\000e\000r\000\040\000o\000f\000\040\000S\000C\000C}{section.3}% 19
\BOOKMARK [2][-]{subsection.3.10}{\376\377\000C\000o\000m\000m\000u\000n\000i\000t\000y\000\040\000d\000e\000t\000e\000c\000t\000i\000o\000n}{section.3}% 20
